mode: set
github.com/ankur-toko/quick-links/core/repository/filerepo.go:26.48,28.14 2 0
github.com/ankur-toko/quick-links/core/repository/filerepo.go:28.14,30.3 1 0
github.com/ankur-toko/quick-links/core/repository/filerepo.go:31.2,32.26 2 0
github.com/ankur-toko/quick-links/core/repository/filerepo.go:35.44,37.2 1 0
github.com/ankur-toko/quick-links/core/repository/filerepo.go:39.56,42.20 2 0
github.com/ankur-toko/quick-links/core/repository/filerepo.go:42.20,44.3 1 0
github.com/ankur-toko/quick-links/core/repository/filerepo.go:46.2,47.36 2 0
github.com/ankur-toko/quick-links/core/repository/filerepo.go:47.36,50.3 2 0
github.com/ankur-toko/quick-links/core/repository/filerepo.go:52.2,60.14 7 0
github.com/ankur-toko/quick-links/core/repository/filerepo.go:60.14,62.3 1 0
github.com/ankur-toko/quick-links/core/repository/filerepo.go:64.2,65.14 2 0
github.com/ankur-toko/quick-links/core/repository/filerepo.go:65.14,67.3 1 0
github.com/ankur-toko/quick-links/core/repository/filerepo.go:68.2,70.16 2 0
github.com/ankur-toko/quick-links/core/repository/filerepo.go:70.16,72.3 1 0
github.com/ankur-toko/quick-links/core/repository/filerepo.go:73.2,77.17 3 0
github.com/ankur-toko/quick-links/core/repository/filerepo.go:80.60,83.24 3 0
github.com/ankur-toko/quick-links/core/repository/filerepo.go:83.24,86.15 2 0
github.com/ankur-toko/quick-links/core/repository/filerepo.go:86.15,89.4 2 0
github.com/ankur-toko/quick-links/core/repository/filerepo.go:90.3,91.11 2 0
github.com/ankur-toko/quick-links/core/repository/filerepo.go:92.8,94.3 1 0
github.com/ankur-toko/quick-links/core/repository/filerepo.go:96.2,96.18 1 0
github.com/ankur-toko/quick-links/core/repository/filerepo.go:99.40,102.16 2 0
github.com/ankur-toko/quick-links/core/repository/filerepo.go:102.16,104.3 1 0
github.com/ankur-toko/quick-links/core/repository/filerepo.go:105.2,109.21 3 0
github.com/ankur-toko/quick-links/core/repository/filerepo.go:109.21,112.22 3 0
github.com/ankur-toko/quick-links/core/repository/filerepo.go:112.22,114.4 1 0
github.com/ankur-toko/quick-links/core/repository/filerepo.go:114.9,117.4 1 0
github.com/ankur-toko/quick-links/core/repository/filerepo.go:120.2,120.38 1 0
github.com/ankur-toko/quick-links/core/repository/filerepo.go:120.38,122.3 1 0
github.com/ankur-toko/quick-links/core/repository/filerepo.go:123.2,123.12 1 0
github.com/ankur-toko/quick-links/core/repository/filerepo.go:126.50,133.2 3 0
github.com/ankur-toko/quick-links/core/repository/filerepo.go:135.41,136.26 1 0
github.com/ankur-toko/quick-links/core/repository/filerepo.go:136.26,138.3 1 0
github.com/ankur-toko/quick-links/core/repository/filerepo.go:141.57,143.14 2 0
github.com/ankur-toko/quick-links/core/repository/filerepo.go:143.14,146.3 2 0
github.com/ankur-toko/quick-links/core/repository/filerepo.go:147.2,147.12 1 0
github.com/ankur-toko/quick-links/core/repository/filerepo.go:150.43,152.2 1 0
github.com/ankur-toko/quick-links/core/repository/filerepo.go:154.53,156.2 1 0
github.com/ankur-toko/quick-links/core/repository/memorydb.go:9.34,11.2 1 1
github.com/ankur-toko/quick-links/core/repository/memorydb.go:13.52,16.2 2 1
github.com/ankur-toko/quick-links/core/repository/memorydb.go:18.55,20.8 2 1
github.com/ankur-toko/quick-links/core/repository/memorydb.go:20.8,22.3 1 1
github.com/ankur-toko/quick-links/core/repository/memorydb.go:22.8,24.3 1 1
github.com/ankur-toko/quick-links/config/config.go:11.35,13.2 1 0
github.com/ankur-toko/quick-links/config/config.go:15.30,17.2 1 0
github.com/ankur-toko/quick-links/config/config.go:19.15,21.2 1 0
github.com/ankur-toko/quick-links/config/fileconfig.go:20.38,21.30 1 1
github.com/ankur-toko/quick-links/config/fileconfig.go:21.30,23.3 1 1
github.com/ankur-toko/quick-links/config/fileconfig.go:24.2,24.26 1 1
github.com/ankur-toko/quick-links/config/fileconfig.go:27.37,30.13 3 1
github.com/ankur-toko/quick-links/config/fileconfig.go:30.13,32.3 1 1
github.com/ankur-toko/quick-links/config/fileconfig.go:33.2,34.11 2 1
github.com/ankur-toko/quick-links/config/fileconfig.go:36.37,38.13 2 0
github.com/ankur-toko/quick-links/config/fileconfig.go:38.13,40.3 1 0
github.com/ankur-toko/quick-links/config/fileconfig.go:41.2,42.12 2 0
github.com/ankur-toko/quick-links/config/fileconfig.go:45.56,49.16 4 1
github.com/ankur-toko/quick-links/config/fileconfig.go:49.16,52.3 2 0
github.com/ankur-toko/quick-links/config/fileconfig.go:53.2,54.22 2 1
github.com/ankur-toko/quick-links/config/fileconfig.go:54.22,56.3 1 1
github.com/ankur-toko/quick-links/config/fileconfig.go:57.2,59.16 3 1
github.com/ankur-toko/quick-links/config/fileconfig.go:59.16,62.3 2 1
github.com/ankur-toko/quick-links/config/fileconfig.go:63.2,63.12 1 1
github.com/ankur-toko/quick-links/config/fileconfig.go:66.54,68.16 2 1
github.com/ankur-toko/quick-links/config/fileconfig.go:68.16,70.3 1 1
github.com/ankur-toko/quick-links/config/fileconfig.go:70.8,72.3 1 1
github.com/ankur-toko/quick-links/config/fileconfig.go:75.51,77.2 1 1
github.com/ankur-toko/quick-links/core/validations/non_empty.go:11.54,12.32 1 1
github.com/ankur-toko/quick-links/core/validations/non_empty.go:12.32,14.3 1 1
github.com/ankur-toko/quick-links/core/validations/non_empty.go:15.2,15.12 1 1
github.com/ankur-toko/quick-links/core/validations/url_checker.go:11.53,12.21 1 1
github.com/ankur-toko/quick-links/core/validations/url_checker.go:12.21,14.3 1 1
github.com/ankur-toko/quick-links/core/validations/url_checker.go:16.2,16.21 1 1
github.com/ankur-toko/quick-links/core/validations/url_checker.go:16.21,18.3 1 1
github.com/ankur-toko/quick-links/core/validations/url_checker.go:19.2,19.12 1 1
github.com/ankur-toko/quick-links/core/validations/url_validation_check.go:13.13,15.2 1 1
github.com/ankur-toko/quick-links/core/validations/url_validation_check.go:17.42,19.2 1 1
github.com/ankur-toko/quick-links/core/validations/url_validation_check.go:21.65,22.30 1 1
github.com/ankur-toko/quick-links/core/validations/url_validation_check.go:22.30,24.3 1 1
github.com/ankur-toko/quick-links/core/validations/url_validation_check.go:25.2,25.12 1 1
github.com/ankur-toko/quick-links/core/validations/url_validation_check.go:28.45,30.2 1 1
github.com/ankur-toko/quick-links/core/validations/url_validation_check.go:32.29,35.2 2 1
github.com/ankur-toko/quick-links/core/validations/validations.go:21.51,23.2 1 1
github.com/ankur-toko/quick-links/core/validations/validations.go:25.54,27.33 2 1
github.com/ankur-toko/quick-links/core/validations/validations.go:27.33,29.15 2 1
github.com/ankur-toko/quick-links/core/validations/validations.go:29.15,31.4 1 1
github.com/ankur-toko/quick-links/core/validations/validations.go:33.2,33.19 1 1
github.com/ankur-toko/quick-links/core/validations/validations.go:33.19,35.3 1 1
github.com/ankur-toko/quick-links/core/validations/validations.go:36.2,36.12 1 1
github.com/ankur-toko/quick-links/core/validations/validations.go:39.40,41.2 1 1
github.com/ankur-toko/quick-links/core/validations/validations.go:43.39,45.2 1 1
github.com/ankur-toko/quick-links/core/models/quicklink.go:13.37,15.16 2 1
github.com/ankur-toko/quick-links/core/models/quicklink.go:15.16,17.3 1 0
github.com/ankur-toko/quick-links/core/models/quicklink.go:18.2,18.20 1 1
